Started GET "/" for ::1 at 2019-08-09 15:28:51 -0700
  
PG::ConnectionBad (could not connect to server: No such file or directory
	Is the server running locally and accepting
	connections on Unix domain socket "/tmp/.s.PGSQL.5432"?
):
  
pg (1.1.4) lib/pg.rb:56:in `initialize'
pg (1.1.4) lib/pg.rb:56:in `new'
pg (1.1.4) lib/pg.rb:56:in `connect'
activerecord (5.2.3) lib/active_record/connection_adapters/postgresql_adapter.rb:692:in `connect'
activerecord (5.2.3) lib/active_record/connection_adapters/postgresql_adapter.rb:223:in `initialize'
activerecord (5.2.3) lib/active_record/connection_adapters/postgresql_adapter.rb:48:in `new'
activerecord (5.2.3) lib/active_record/connection_adapters/postgresql_adapter.rb:48:in `postgresql_connection'
activerecord (5.2.3) lib/active_record/connection_adapters/abstract/connection_pool.rb:811:in `new_connection'
activerecord (5.2.3) lib/active_record/connection_adapters/abstract/connection_pool.rb:855:in `checkout_new_connection'
activerecord (5.2.3) lib/active_record/connection_adapters/abstract/connection_pool.rb:834:in `try_to_checkout_new_connection'
activerecord (5.2.3) lib/active_record/connection_adapters/abstract/connection_pool.rb:795:in `acquire_connection'
activerecord (5.2.3) lib/active_record/connection_adapters/abstract/connection_pool.rb:523:in `checkout'
activerecord (5.2.3) lib/active_record/connection_adapters/abstract/connection_pool.rb:382:in `connection'
activerecord (5.2.3) lib/active_record/connection_adapters/abstract/connection_pool.rb:1014:in `retrieve_connection'
activerecord (5.2.3) lib/active_record/connection_handling.rb:118:in `retrieve_connection'
activerecord (5.2.3) lib/active_record/connection_handling.rb:90:in `connection'
activerecord (5.2.3) lib/active_record/migration.rb:554:in `call'
actionpack (5.2.3) lib/action_dispatch/middleware/callbacks.rb:28:in `block in call'
activesupport (5.2.3) lib/active_support/callbacks.rb:98:in `run_callbacks'
actionpack (5.2.3) lib/action_dispatch/middleware/callbacks.rb:26:in `call'
actionpack (5.2.3) lib/action_dispatch/middleware/executor.rb:14:in `call'
actionpack (5.2.3) lib/action_dispatch/middleware/debug_exceptions.rb:61:in `call'
web-console (3.7.0) lib/web_console/middleware.rb:135:in `call_app'
web-console (3.7.0) lib/web_console/middleware.rb:30:in `block in call'
web-console (3.7.0) lib/web_console/middleware.rb:20:in `catch'
web-console (3.7.0) lib/web_console/middleware.rb:20:in `call'
actionpack (5.2.3) lib/action_dispatch/middleware/show_exceptions.rb:33:in `call'
railties (5.2.3) lib/rails/rack/logger.rb:38:in `call_app'
railties (5.2.3) lib/rails/rack/logger.rb:26:in `block in call'
activesupport (5.2.3) lib/active_support/tagged_logging.rb:71:in `block in tagged'
activesupport (5.2.3) lib/active_support/tagged_logging.rb:28:in `tagged'
activesupport (5.2.3) lib/active_support/tagged_logging.rb:71:in `tagged'
railties (5.2.3) lib/rails/rack/logger.rb:26:in `call'
sprockets-rails (3.2.1) lib/sprockets/rails/quiet_assets.rb:13:in `call'
actionpack (5.2.3) lib/action_dispatch/middleware/remote_ip.rb:81:in `call'
actionpack (5.2.3) lib/action_dispatch/middleware/request_id.rb:27:in `call'
rack (2.0.7) lib/rack/method_override.rb:22:in `call'
rack (2.0.7) lib/rack/runtime.rb:22:in `call'
activesupport (5.2.3) lib/active_support/cache/strategy/local_cache_middleware.rb:29:in `call'
actionpack (5.2.3) lib/action_dispatch/middleware/executor.rb:14:in `call'
actionpack (5.2.3) lib/action_dispatch/middleware/static.rb:127:in `call'
rack (2.0.7) lib/rack/sendfile.rb:111:in `call'
railties (5.2.3) lib/rails/engine.rb:524:in `call'
puma (3.12.1) lib/puma/configuration.rb:227:in `call'
puma (3.12.1) lib/puma/server.rb:660:in `handle_request'
puma (3.12.1) lib/puma/server.rb:474:in `process_client'
puma (3.12.1) lib/puma/server.rb:334:in `block in run'
puma (3.12.1) lib/puma/thread_pool.rb:135:in `block in spawn_thread'
Started GET "/" for ::1 at 2019-08-09 15:30:47 -0700
  [1m[35m (8.9ms)[0m  [1m[34mSELECT "schema_migrations"."version" FROM "schema_migrations" ORDER BY "schema_migrations"."version" ASC[0m
  ↳ /Users/benjaminmartinson/.rvm/gems/ruby-2.6.3/gems/activerecord-5.2.3/lib/active_record/log_subscriber.rb:98
Processing by DivisionsController#index as HTML
  Rendering divisions/index.html.erb within layouts/application
  [1m[36mDivision Exists (0.9ms)[0m  [1m[34mSELECT  1 AS one FROM "divisions" LIMIT $1[0m  [["LIMIT", 1]]
  ↳ app/views/divisions/index.html.erb:4
  [1m[36mDivision Load (0.4ms)[0m  [1m[34mSELECT "divisions".* FROM "divisions"[0m
  ↳ app/views/divisions/index.html.erb:7
  [1m[36mProject Exists (23.2ms)[0m  [1m[34mSELECT  1 AS one FROM "projects" LIMIT $1[0m  [["LIMIT", 1]]
  ↳ app/views/divisions/index.html.erb:17
  [1m[36mEmployee Exists (0.5ms)[0m  [1m[34mSELECT  1 AS one FROM "employees" LIMIT $1[0m  [["LIMIT", 1]]
  ↳ app/views/divisions/index.html.erb:30
  [1m[36mEmployee Load (0.3ms)[0m  [1m[34mSELECT "employees".* FROM "employees"[0m
  ↳ app/views/divisions/index.html.erb:38
  Rendered divisions/index.html.erb within layouts/application (109.9ms)
Completed 200 OK in 568ms (Views: 403.7ms | ActiveRecord: 88.2ms)


Started GET "/divisions?search_name=asdf&button=" for ::1 at 2019-08-09 15:30:56 -0700
Processing by DivisionsController#index as HTML
  Parameters: {"search_name"=>"asdf", "button"=>""}
  Rendering divisions/index.html.erb within layouts/application
  [1m[36mDivision Exists (0.3ms)[0m  [1m[34mSELECT  1 AS one FROM "divisions" LIMIT $1[0m  [["LIMIT", 1]]
  ↳ app/views/divisions/index.html.erb:4
  [1m[36mDivision Load (0.2ms)[0m  [1m[34mSELECT "divisions".* FROM "divisions"[0m
  ↳ app/views/divisions/index.html.erb:7
  [1m[36mProject Exists (0.2ms)[0m  [1m[34mSELECT  1 AS one FROM "projects" LIMIT $1[0m  [["LIMIT", 1]]
  ↳ app/views/divisions/index.html.erb:17
  [1m[36mEmployee Exists (20.0ms)[0m  [1m[34mSELECT  1 AS one FROM "employees" WHERE (name like '%asdf%') LIMIT $1[0m  [["LIMIT", 1]]
  ↳ app/views/divisions/index.html.erb:30
  Rendered divisions/index.html.erb within layouts/application (24.1ms)
Completed 200 OK in 54ms (Views: 17.7ms | ActiveRecord: 20.7ms)


  [1m[35m (778.6ms)[0m  [1m[35mCREATE DATABASE "product_review_development" ENCODING = 'unicode'[0m
  ↳ /Users/benjaminmartinson/.rvm/gems/ruby-2.6.3/bin/rake:23
  [1m[35m (284.9ms)[0m  [1m[35mCREATE DATABASE "employee_tracker_test" ENCODING = 'unicode'[0m
  ↳ /Users/benjaminmartinson/.rvm/gems/ruby-2.6.3/bin/rake:23
  [1m[35m (185.1ms)[0m  [1m[35mCREATE TABLE "schema_migrations" ("version" character varying NOT NULL PRIMARY KEY)[0m
  ↳ /Users/benjaminmartinson/.rvm/gems/ruby-2.6.3/bin/rake:23
  [1m[35m (3.9ms)[0m  [1m[35mCREATE TABLE "ar_internal_metadata" ("key" character varying NOT NULL PRIMARY KEY, "value" character varying, "created_at" timestamp NOT NULL, "updated_at" timestamp NOT NULL)[0m
  ↳ /Users/benjaminmartinson/.rvm/gems/ruby-2.6.3/bin/rake:23
  [1m[35m (1.0ms)[0m  [1m[34mSELECT pg_try_advisory_lock(2644989549481566210)[0m
  ↳ /Users/benjaminmartinson/.rvm/gems/ruby-2.6.3/bin/rake:23
  [1m[35m (1.0ms)[0m  [1m[34mSELECT "schema_migrations"."version" FROM "schema_migrations" ORDER BY "schema_migrations"."version" ASC[0m
  ↳ /Users/benjaminmartinson/.rvm/gems/ruby-2.6.3/bin/rake:23
Migrating to CreateProducts (20190809233126)
  [1m[35m (0.3ms)[0m  [1m[35mBEGIN[0m
  ↳ /Users/benjaminmartinson/.rvm/gems/ruby-2.6.3/bin/rake:23
  [1m[35m (33.7ms)[0m  [1m[35mCREATE TABLE "products" ("id" bigserial primary key, "name" character varying, "cost" float, "country_of_origin" character varying)[0m
  ↳ db/migrate/20190809233126_create_products.rb:3
  [1m[36mActiveRecord::SchemaMigration Create (22.0ms)[0m  [1m[32mINSERT INTO "schema_migrations" ("version") VALUES ($1) RETURNING "version"[0m  [["version", "20190809233126"]]
  ↳ /Users/benjaminmartinson/.rvm/gems/ruby-2.6.3/bin/rake:23
  [1m[35m (0.8ms)[0m  [1m[35mCOMMIT[0m
  ↳ /Users/benjaminmartinson/.rvm/gems/ruby-2.6.3/bin/rake:23
Migrating to CreateReviews (20190809233135)
  [1m[35m (0.4ms)[0m  [1m[35mBEGIN[0m
  ↳ /Users/benjaminmartinson/.rvm/gems/ruby-2.6.3/bin/rake:23
  [1m[35m (3.4ms)[0m  [1m[35mCREATE TABLE "reviews" ("id" bigserial primary key, "author" character varying, "content_body" character varying, "rating" integer)[0m
  ↳ db/migrate/20190809233135_create_reviews.rb:3
  [1m[36mActiveRecord::SchemaMigration Create (0.4ms)[0m  [1m[32mINSERT INTO "schema_migrations" ("version") VALUES ($1) RETURNING "version"[0m  [["version", "20190809233135"]]
  ↳ /Users/benjaminmartinson/.rvm/gems/ruby-2.6.3/bin/rake:23
  [1m[35m (0.6ms)[0m  [1m[35mCOMMIT[0m
  ↳ /Users/benjaminmartinson/.rvm/gems/ruby-2.6.3/bin/rake:23
Migrating to AddForeignKeyForReviews (20190809233658)
  [1m[35m (0.4ms)[0m  [1m[35mBEGIN[0m
  ↳ /Users/benjaminmartinson/.rvm/gems/ruby-2.6.3/bin/rake:23
  [1m[35m (1.4ms)[0m  [1m[35mALTER TABLE "reviews" ADD CONSTRAINT "fk_rails_bedd9094d4"
FOREIGN KEY ("product_id")
  REFERENCES "products" ("id")
[0m
  ↳ db/migrate/20190809233658_add_foreign_key_for_reviews.rb:3
  [1m[35m (0.4ms)[0m  [1m[31mROLLBACK[0m
  ↳ /Users/benjaminmartinson/.rvm/gems/ruby-2.6.3/bin/rake:23
  [1m[35m (0.3ms)[0m  [1m[34mSELECT pg_advisory_unlock(2644989549481566210)[0m
  ↳ /Users/benjaminmartinson/.rvm/gems/ruby-2.6.3/bin/rake:23
  [1m[35m (0.4ms)[0m  [1m[34mSELECT pg_try_advisory_lock(2644989549481566210)[0m
  ↳ /Users/benjaminmartinson/.rvm/gems/ruby-2.6.3/bin/rake:23
  [1m[35m (0.8ms)[0m  [1m[34mSELECT "schema_migrations"."version" FROM "schema_migrations" ORDER BY "schema_migrations"."version" ASC[0m
  ↳ /Users/benjaminmartinson/.rvm/gems/ruby-2.6.3/bin/rake:23
Migrating to AddForeignKeyForReviews (20190809233658)
  [1m[35m (0.5ms)[0m  [1m[35mBEGIN[0m
  ↳ /Users/benjaminmartinson/.rvm/gems/ruby-2.6.3/bin/rake:23
  [1m[35m (1.1ms)[0m  [1m[35mALTER TABLE "reviews" ADD CONSTRAINT "fk_rails_bedd9094d4"
FOREIGN KEY ("product_id")
  REFERENCES "products" ("id")
[0m
  ↳ db/migrate/20190809233658_add_foreign_key_for_reviews.rb:3
  [1m[35m (0.3ms)[0m  [1m[31mROLLBACK[0m
  ↳ /Users/benjaminmartinson/.rvm/gems/ruby-2.6.3/bin/rake:23
  [1m[35m (0.4ms)[0m  [1m[34mSELECT pg_advisory_unlock(2644989549481566210)[0m
  ↳ /Users/benjaminmartinson/.rvm/gems/ruby-2.6.3/bin/rake:23
  [1m[35m (0.3ms)[0m  [1m[34mSELECT pg_try_advisory_lock(2644989549481566210)[0m
  ↳ /Users/benjaminmartinson/.rvm/gems/ruby-2.6.3/bin/rake:23
  [1m[35m (0.9ms)[0m  [1m[34mSELECT "schema_migrations"."version" FROM "schema_migrations" ORDER BY "schema_migrations"."version" ASC[0m
  ↳ /Users/benjaminmartinson/.rvm/gems/ruby-2.6.3/bin/rake:23
Migrating to AddForeignKeyForReviews (20190809233658)
  [1m[35m (0.4ms)[0m  [1m[35mBEGIN[0m
  ↳ /Users/benjaminmartinson/.rvm/gems/ruby-2.6.3/bin/rake:23
  [1m[35m (1.1ms)[0m  [1m[35mALTER TABLE "reviews" ADD CONSTRAINT "fk_rails_bedd9094d4"
FOREIGN KEY ("product_id")
  REFERENCES "products" ("id")
[0m
  ↳ db/migrate/20190809233658_add_foreign_key_for_reviews.rb:3
  [1m[35m (0.3ms)[0m  [1m[31mROLLBACK[0m
  ↳ /Users/benjaminmartinson/.rvm/gems/ruby-2.6.3/bin/rake:23
  [1m[35m (0.2ms)[0m  [1m[34mSELECT pg_advisory_unlock(2644989549481566210)[0m
  ↳ /Users/benjaminmartinson/.rvm/gems/ruby-2.6.3/bin/rake:23
  [1m[35m (1.4ms)[0m  [1m[34mSELECT "schema_migrations"."version" FROM "schema_migrations" ORDER BY "schema_migrations"."version" ASC[0m
  ↳ /Users/benjaminmartinson/.rvm/gems/ruby-2.6.3/bin/rake:23
  [1m[35m (0.3ms)[0m  [1m[34mSELECT "schema_migrations"."version" FROM "schema_migrations" ORDER BY "schema_migrations"."version" ASC[0m
  ↳ /Users/benjaminmartinson/.rvm/gems/ruby-2.6.3/bin/rake:23
  [1m[35m (0.3ms)[0m  [1m[34mSELECT "schema_migrations"."version" FROM "schema_migrations" ORDER BY "schema_migrations"."version" ASC[0m
  ↳ /Users/benjaminmartinson/.rvm/gems/ruby-2.6.3/bin/rake:23
  [1m[35m (0.2ms)[0m  [1m[34mSELECT pg_try_advisory_lock(2644989549481566210)[0m
  ↳ /Users/benjaminmartinson/.rvm/gems/ruby-2.6.3/bin/rake:23
  [1m[35m (0.3ms)[0m  [1m[34mSELECT "schema_migrations"."version" FROM "schema_migrations" ORDER BY "schema_migrations"."version" ASC[0m
  ↳ /Users/benjaminmartinson/.rvm/gems/ruby-2.6.3/bin/rake:23
Migrating to CreateReviews (20190809233135)
  [1m[35m (0.3ms)[0m  [1m[35mBEGIN[0m
  ↳ /Users/benjaminmartinson/.rvm/gems/ruby-2.6.3/bin/rake:23
  [1m[35m (148.2ms)[0m  [1m[35mDROP TABLE "reviews"[0m
  ↳ /Users/benjaminmartinson/.rvm/gems/ruby-2.6.3/bin/rake:23
  [1m[36mActiveRecord::SchemaMigration Destroy (27.3ms)[0m  [1m[31mDELETE FROM "schema_migrations" WHERE "schema_migrations"."version" = $1[0m  [["version", "20190809233135"]]
  ↳ /Users/benjaminmartinson/.rvm/gems/ruby-2.6.3/bin/rake:23
  [1m[35m (32.6ms)[0m  [1m[35mCOMMIT[0m
  ↳ /Users/benjaminmartinson/.rvm/gems/ruby-2.6.3/bin/rake:23
  [1m[35m (0.3ms)[0m  [1m[34mSELECT pg_advisory_unlock(2644989549481566210)[0m
  ↳ /Users/benjaminmartinson/.rvm/gems/ruby-2.6.3/bin/rake:23
  [1m[35m (0.2ms)[0m  [1m[34mSELECT "schema_migrations"."version" FROM "schema_migrations" ORDER BY "schema_migrations"."version" ASC[0m
  ↳ /Users/benjaminmartinson/.rvm/gems/ruby-2.6.3/bin/rake:23
  [1m[35m (0.4ms)[0m  [1m[34mSELECT pg_try_advisory_lock(2644989549481566210)[0m
  ↳ /Users/benjaminmartinson/.rvm/gems/ruby-2.6.3/bin/rake:23
  [1m[35m (1.1ms)[0m  [1m[34mSELECT "schema_migrations"."version" FROM "schema_migrations" ORDER BY "schema_migrations"."version" ASC[0m
  ↳ /Users/benjaminmartinson/.rvm/gems/ruby-2.6.3/bin/rake:23
Migrating to CreateReviews (20190809233135)
  [1m[35m (1.2ms)[0m  [1m[35mBEGIN[0m
  ↳ /Users/benjaminmartinson/.rvm/gems/ruby-2.6.3/bin/rake:23
  [1m[35m (35.2ms)[0m  [1m[35mCREATE TABLE "reviews" ("id" bigserial primary key, "author" character varying, "content_body" character varying, "rating" integer, "product_id" integer)[0m
  ↳ db/migrate/20190809233135_create_reviews.rb:3
  [1m[36mActiveRecord::SchemaMigration Create (0.9ms)[0m  [1m[32mINSERT INTO "schema_migrations" ("version") VALUES ($1) RETURNING "version"[0m  [["version", "20190809233135"]]
  ↳ /Users/benjaminmartinson/.rvm/gems/ruby-2.6.3/bin/rake:23
  [1m[35m (0.7ms)[0m  [1m[35mCOMMIT[0m
  ↳ /Users/benjaminmartinson/.rvm/gems/ruby-2.6.3/bin/rake:23
Migrating to AddForeignKeyForReviews (20190809233658)
  [1m[35m (0.5ms)[0m  [1m[35mBEGIN[0m
  ↳ /Users/benjaminmartinson/.rvm/gems/ruby-2.6.3/bin/rake:23
  [1m[35m (48.6ms)[0m  [1m[35mALTER TABLE "reviews" ADD CONSTRAINT "fk_rails_bedd9094d4"
FOREIGN KEY ("product_id")
  REFERENCES "products" ("id")
[0m
  ↳ db/migrate/20190809233658_add_foreign_key_for_reviews.rb:3
  [1m[36mActiveRecord::SchemaMigration Create (0.4ms)[0m  [1m[32mINSERT INTO "schema_migrations" ("version") VALUES ($1) RETURNING "version"[0m  [["version", "20190809233658"]]
  ↳ /Users/benjaminmartinson/.rvm/gems/ruby-2.6.3/bin/rake:23
  [1m[35m (1.9ms)[0m  [1m[35mCOMMIT[0m
  ↳ /Users/benjaminmartinson/.rvm/gems/ruby-2.6.3/bin/rake:23
  [1m[36mActiveRecord::InternalMetadata Load (14.3ms)[0m  [1m[34mSELECT  "ar_internal_metadata".* FROM "ar_internal_metadata" WHERE "ar_internal_metadata"."key" = $1 LIMIT $2[0m  [["key", "environment"], ["LIMIT", 1]]
  ↳ /Users/benjaminmartinson/.rvm/gems/ruby-2.6.3/bin/rake:23
  [1m[35m (0.2ms)[0m  [1m[35mBEGIN[0m
  ↳ /Users/benjaminmartinson/.rvm/gems/ruby-2.6.3/bin/rake:23
  [1m[36mActiveRecord::InternalMetadata Create (1.8ms)[0m  [1m[32mINSERT INTO "ar_internal_metadata" ("key", "value", "created_at", "updated_at") VALUES ($1, $2, $3, $4) RETURNING "key"[0m  [["key", "environment"], ["value", "development"], ["created_at", "2019-08-09 23:40:02.427128"], ["updated_at", "2019-08-09 23:40:02.427128"]]
  ↳ /Users/benjaminmartinson/.rvm/gems/ruby-2.6.3/bin/rake:23
  [1m[35m (1.7ms)[0m  [1m[35mCOMMIT[0m
  ↳ /Users/benjaminmartinson/.rvm/gems/ruby-2.6.3/bin/rake:23
  [1m[35m (0.3ms)[0m  [1m[34mSELECT pg_advisory_unlock(2644989549481566210)[0m
  ↳ /Users/benjaminmartinson/.rvm/gems/ruby-2.6.3/bin/rake:23
  [1m[35m (0.6ms)[0m  [1m[34mSELECT "schema_migrations"."version" FROM "schema_migrations" ORDER BY "schema_migrations"."version" ASC[0m
  ↳ /Users/benjaminmartinson/.rvm/gems/ruby-2.6.3/bin/rake:23
Started GET "/divisions?search_name=asdf&button=" for ::1 at 2019-08-09 16:48:26 -0700
  [1m[35m (15.0ms)[0m  [1m[34mSELECT "schema_migrations"."version" FROM "schema_migrations" ORDER BY "schema_migrations"."version" ASC[0m
  ↳ /Users/benjaminmartinson/.rvm/gems/ruby-2.6.3/gems/activerecord-5.2.3/lib/active_record/log_subscriber.rb:98
  
ActionController::RoutingError (No route matches [GET] "/divisions"):
  
actionpack (5.2.3) lib/action_dispatch/middleware/debug_exceptions.rb:65:in `call'
web-console (3.7.0) lib/web_console/middleware.rb:135:in `call_app'
web-console (3.7.0) lib/web_console/middleware.rb:30:in `block in call'
web-console (3.7.0) lib/web_console/middleware.rb:20:in `catch'
web-console (3.7.0) lib/web_console/middleware.rb:20:in `call'
actionpack (5.2.3) lib/action_dispatch/middleware/show_exceptions.rb:33:in `call'
railties (5.2.3) lib/rails/rack/logger.rb:38:in `call_app'
railties (5.2.3) lib/rails/rack/logger.rb:26:in `block in call'
activesupport (5.2.3) lib/active_support/tagged_logging.rb:71:in `block in tagged'
activesupport (5.2.3) lib/active_support/tagged_logging.rb:28:in `tagged'
activesupport (5.2.3) lib/active_support/tagged_logging.rb:71:in `tagged'
railties (5.2.3) lib/rails/rack/logger.rb:26:in `call'
sprockets-rails (3.2.1) lib/sprockets/rails/quiet_assets.rb:13:in `call'
actionpack (5.2.3) lib/action_dispatch/middleware/remote_ip.rb:81:in `call'
actionpack (5.2.3) lib/action_dispatch/middleware/request_id.rb:27:in `call'
rack (2.0.7) lib/rack/method_override.rb:22:in `call'
rack (2.0.7) lib/rack/runtime.rb:22:in `call'
activesupport (5.2.3) lib/active_support/cache/strategy/local_cache_middleware.rb:29:in `call'
actionpack (5.2.3) lib/action_dispatch/middleware/executor.rb:14:in `call'
actionpack (5.2.3) lib/action_dispatch/middleware/static.rb:127:in `call'
rack (2.0.7) lib/rack/sendfile.rb:111:in `call'
railties (5.2.3) lib/rails/engine.rb:524:in `call'
puma (3.12.1) lib/puma/configuration.rb:227:in `call'
puma (3.12.1) lib/puma/server.rb:660:in `handle_request'
puma (3.12.1) lib/puma/server.rb:474:in `process_client'
puma (3.12.1) lib/puma/server.rb:334:in `block in run'
puma (3.12.1) lib/puma/thread_pool.rb:135:in `block in spawn_thread'
Started GET "/" for ::1 at 2019-08-09 16:48:31 -0700
Processing by ProductsController#index as HTML
  Rendering products/index.html.erb within layouts/application
  [1m[36mProduct Exists (0.6ms)[0m  [1m[34mSELECT  1 AS one FROM "products" LIMIT $1[0m  [["LIMIT", 1]]
  ↳ app/views/products/index.html.erb:4
  [1m[36mProduct Load (1.2ms)[0m  [1m[34mSELECT  "products".* FROM "products" LIMIT $1[0m  [["LIMIT", 11]]
  ↳ /Users/benjaminmartinson/.rvm/rubies/ruby-2.6.3/lib/ruby/gems/2.6.0/gems/did_you_mean-1.3.0/lib/did_you_mean/core_ext/name_error.rb:8
  [1m[36mCACHE Product Load (0.0ms)[0m  [1m[34mSELECT  "products".* FROM "products" LIMIT $1[0m  [["LIMIT", 11]]
  ↳ /Users/benjaminmartinson/.rvm/rubies/ruby-2.6.3/lib/ruby/gems/2.6.0/gems/did_you_mean-1.3.0/lib/did_you_mean/core_ext/name_error.rb:8
  [1m[36mCACHE Product Load (0.0ms)[0m  [1m[34mSELECT  "products".* FROM "products" LIMIT $1[0m  [["LIMIT", 11]]
  ↳ /Users/benjaminmartinson/.rvm/rubies/ruby-2.6.3/lib/ruby/gems/2.6.0/gems/did_you_mean-1.3.0/lib/did_you_mean/core_ext/name_error.rb:8
  [1m[36mCACHE Product Load (0.0ms)[0m  [1m[34mSELECT  "products".* FROM "products" LIMIT $1[0m  [["LIMIT", 11]]
  ↳ /Users/benjaminmartinson/.rvm/rubies/ruby-2.6.3/lib/ruby/gems/2.6.0/gems/did_you_mean-1.3.0/lib/did_you_mean/core_ext/name_error.rb:8
  [1m[36mCACHE Product Load (0.0ms)[0m  [1m[34mSELECT  "products".* FROM "products" LIMIT $1[0m  [["LIMIT", 11]]
  ↳ /Users/benjaminmartinson/.rvm/rubies/ruby-2.6.3/lib/ruby/gems/2.6.0/gems/did_you_mean-1.3.0/lib/did_you_mean/core_ext/name_error.rb:4
  [1m[36mCACHE Product Load (0.0ms)[0m  [1m[34mSELECT  "products".* FROM "products" LIMIT $1[0m  [["LIMIT", 11]]
  ↳ /Users/benjaminmartinson/.rvm/rubies/ruby-2.6.3/lib/ruby/gems/2.6.0/gems/did_you_mean-1.3.0/lib/did_you_mean/core_ext/name_error.rb:4
  [1m[36mCACHE Product Load (0.0ms)[0m  [1m[34mSELECT  "products".* FROM "products" LIMIT $1[0m  [["LIMIT", 11]]
  ↳ /Users/benjaminmartinson/.rvm/rubies/ruby-2.6.3/lib/ruby/gems/2.6.0/gems/did_you_mean-1.3.0/lib/did_you_mean/core_ext/name_error.rb:4
  [1m[36mCACHE Product Load (0.0ms)[0m  [1m[34mSELECT  "products".* FROM "products" LIMIT $1[0m  [["LIMIT", 11]]
  ↳ /Users/benjaminmartinson/.rvm/rubies/ruby-2.6.3/lib/ruby/gems/2.6.0/gems/did_you_mean-1.3.0/lib/did_you_mean/core_ext/name_error.rb:4
  Rendered products/index.html.erb within layouts/application (303.3ms)
Completed 500 Internal Server Error in 358ms (ActiveRecord: 3.7ms)


  
ActionView::Template::Error (undefined local variable or method `new_project_path' for #<#<Class:0x00007fa7afd4f7e8>:0x00007fa7b128b710>
Did you mean?  new_product_path):
    18:   <p>No products created yet.</p>
    19: <% end %>
    20: 
    21: <p><%= link_to "Create a product", new_project_path %></p>
  
app/views/products/index.html.erb:21:in `_app_views_products_index_html_erb___1858228602629171211_70179093677260'
app/controllers/products_controller.rb:4:in `index'
Started GET "/" for ::1 at 2019-08-09 16:49:07 -0700
Processing by ProductsController#index as HTML
  Rendering products/index.html.erb within layouts/application
  [1m[36mProduct Exists (0.3ms)[0m  [1m[34mSELECT  1 AS one FROM "products" LIMIT $1[0m  [["LIMIT", 1]]
  ↳ app/views/products/index.html.erb:4
  Rendered products/index.html.erb within layouts/application (1.8ms)
Completed 200 OK in 261ms (Views: 259.6ms | ActiveRecord: 0.3ms)


Started GET "/" for ::1 at 2019-08-09 16:49:30 -0700
Processing by ProductsController#index as HTML
  Rendering products/index.html.erb within layouts/application
  [1m[36mProduct Exists (0.3ms)[0m  [1m[34mSELECT  1 AS one FROM "products" LIMIT $1[0m  [["LIMIT", 1]]
  ↳ app/views/products/index.html.erb:4
  Rendered products/index.html.erb within layouts/application (1.7ms)
Completed 200 OK in 22ms (Views: 20.7ms | ActiveRecord: 0.3ms)


Started GET "/products/new" for ::1 at 2019-08-09 16:49:33 -0700
Processing by ProductsController#new as HTML
  Rendering products/new.html.erb within layouts/application
  Rendered products/new.html.erb within layouts/application (0.3ms)
Completed 200 OK in 39ms (Views: 28.2ms | ActiveRecord: 5.3ms)


Started GET "/" for ::1 at 2019-08-10 07:55:48 -0700
  [1m[35m (43.6ms)[0m  [1m[34mSELECT "schema_migrations"."version" FROM "schema_migrations" ORDER BY "schema_migrations"."version" ASC[0m
  ↳ /Users/benjaminmartinson/.rvm/gems/ruby-2.6.3/gems/activerecord-5.2.3/lib/active_record/log_subscriber.rb:98
Processing by ProductsController#index as HTML
  Rendering products/index.html.erb within layouts/application
  [1m[36mProduct Exists (1.3ms)[0m  [1m[34mSELECT  1 AS one FROM "products" LIMIT $1[0m  [["LIMIT", 1]]
  ↳ app/views/products/index.html.erb:4
  Rendered products/index.html.erb within layouts/application (37.4ms)
Completed 200 OK in 451ms (Views: 385.7ms | ActiveRecord: 28.1ms)


Started GET "/products/new" for ::1 at 2019-08-10 07:55:52 -0700
Processing by ProductsController#new as HTML
  Rendering products/new.html.erb within layouts/application
  Rendered products/new.html.erb within layouts/application (137.5ms)
Completed 200 OK in 191ms (Views: 156.2ms | ActiveRecord: 29.7ms)


Started GET "/products/new" for ::1 at 2019-08-10 07:56:16 -0700
Processing by ProductsController#new as HTML
  Rendering products/new.html.erb within layouts/application
  Rendered products/new.html.erb within layouts/application (2.0ms)
Completed 200 OK in 42ms (Views: 41.4ms | ActiveRecord: 0.0ms)


Started GET "/products/new" for ::1 at 2019-08-10 07:56:32 -0700
Processing by ProductsController#new as HTML
  Rendering products/new.html.erb within layouts/application
  Rendered products/new.html.erb within layouts/application (2.2ms)
Completed 200 OK in 20ms (Views: 19.0ms | ActiveRecord: 0.0ms)


Started POST "/products" for ::1 at 2019-08-10 07:56:59 -0700
Processing by ProductsController#create as HTML
  Parameters: {"utf8"=>"✓", "authenticity_token"=>"VR2dSwBGWdLlAPGSa5gxNJvwrTVdNAXkNRpnNjswNCYi21bM6iynz2ZFZLD2CfM73Gg/Ye3OuBrtGpCFEgea9w==", "product"=>{"name"=>"Scone", "cost"=>"3.40", "country_of_origin"=>"Spain"}, "commit"=>"Create Product"}
  [1m[35m (21.7ms)[0m  [1m[35mBEGIN[0m
  ↳ app/controllers/products_controller.rb:14
  [1m[36mProduct Create (54.3ms)[0m  [1m[32mINSERT INTO "products" ("name", "cost", "country_of_origin") VALUES ($1, $2, $3) RETURNING "id"[0m  [["name", "Scone"], ["cost", 3.4], ["country_of_origin", "Spain"]]
  ↳ app/controllers/products_controller.rb:14
  [1m[35m (20.5ms)[0m  [1m[35mCOMMIT[0m
  ↳ app/controllers/products_controller.rb:14
Redirected to http://localhost:3000/products
Completed 302 Found in 100ms (ActiveRecord: 96.5ms)


Started GET "/products" for ::1 at 2019-08-10 07:56:59 -0700
Processing by ProductsController#index as HTML
  Rendering products/index.html.erb within layouts/application
  [1m[36mProduct Exists (0.5ms)[0m  [1m[34mSELECT  1 AS one FROM "products" LIMIT $1[0m  [["LIMIT", 1]]
  ↳ app/views/products/index.html.erb:4
  [1m[36mProduct Load (0.4ms)[0m  [1m[34mSELECT "products".* FROM "products"[0m
  ↳ app/views/products/index.html.erb:7
  Rendered products/index.html.erb within layouts/application (12.7ms)
Completed 200 OK in 38ms (Views: 36.2ms | ActiveRecord: 0.9ms)


Started GET "/products" for ::1 at 2019-08-10 07:57:31 -0700
Processing by ProductsController#index as HTML
  Rendering products/index.html.erb within layouts/application
  [1m[36mProduct Exists (0.4ms)[0m  [1m[34mSELECT  1 AS one FROM "products" LIMIT $1[0m  [["LIMIT", 1]]
  ↳ app/views/products/index.html.erb:4
  [1m[36mProduct Load (0.3ms)[0m  [1m[34mSELECT "products".* FROM "products"[0m
  ↳ app/views/products/index.html.erb:7
  Rendered products/index.html.erb within layouts/application (2.5ms)
Completed 200 OK in 42ms (Views: 40.6ms | ActiveRecord: 0.6ms)


Started GET "/products/1" for ::1 at 2019-08-10 07:57:38 -0700
Processing by ProductsController#show as HTML
  Parameters: {"id"=>"1"}
  [1m[36mProduct Load (0.3ms)[0m  [1m[34mSELECT  "products".* FROM "products" WHERE "products"."id" = $1 LIMIT $2[0m  [["id", 1], ["LIMIT", 1]]
  ↳ app/controllers/products_controller.rb:22
  Rendering products/show.html.erb within layouts/application
  Rendered products/show.html.erb within layouts/application (0.4ms)
Completed 200 OK in 93ms (Views: 26.2ms | ActiveRecord: 0.6ms)


Started GET "/products/1" for ::1 at 2019-08-10 07:58:41 -0700
Processing by ProductsController#show as HTML
  Parameters: {"id"=>"1"}
  [1m[36mProduct Load (0.5ms)[0m  [1m[34mSELECT  "products".* FROM "products" WHERE "products"."id" = $1 LIMIT $2[0m  [["id", 1], ["LIMIT", 1]]
  ↳ app/controllers/products_controller.rb:22
  Rendering products/show.html.erb within layouts/application
  Rendered products/show.html.erb within layouts/application (0.4ms)
Completed 200 OK in 77ms (Views: 75.0ms | ActiveRecord: 0.5ms)


Started GET "/products/1" for ::1 at 2019-08-10 07:59:48 -0700
Processing by ProductsController#show as HTML
  Parameters: {"id"=>"1"}
  [1m[36mProduct Load (0.3ms)[0m  [1m[34mSELECT  "products".* FROM "products" WHERE "products"."id" = $1 LIMIT $2[0m  [["id", 1], ["LIMIT", 1]]
  ↳ app/controllers/products_controller.rb:22
  Rendering products/show.html.erb within layouts/application
  Rendered products/show.html.erb within layouts/application (0.6ms)
Completed 200 OK in 74ms (Views: 73.1ms | ActiveRecord: 0.3ms)


Started GET "/products" for ::1 at 2019-08-10 07:59:49 -0700
Processing by ProductsController#index as HTML
  Rendering products/index.html.erb within layouts/application
  [1m[36mProduct Exists (0.6ms)[0m  [1m[34mSELECT  1 AS one FROM "products" LIMIT $1[0m  [["LIMIT", 1]]
  ↳ app/views/products/index.html.erb:4
  [1m[36mProduct Load (0.3ms)[0m  [1m[34mSELECT "products".* FROM "products"[0m
  ↳ app/views/products/index.html.erb:7
  Rendered products/index.html.erb within layouts/application (3.2ms)
Completed 200 OK in 28ms (Views: 26.2ms | ActiveRecord: 0.9ms)


Started GET "/products" for ::1 at 2019-08-10 08:00:05 -0700
Processing by ProductsController#index as HTML
  Rendering products/index.html.erb within layouts/application
  [1m[36mProduct Exists (0.4ms)[0m  [1m[34mSELECT  1 AS one FROM "products" LIMIT $1[0m  [["LIMIT", 1]]
  ↳ app/views/products/index.html.erb:4
  [1m[36mProduct Load (0.3ms)[0m  [1m[34mSELECT "products".* FROM "products"[0m
  ↳ app/views/products/index.html.erb:6
  Rendered products/index.html.erb within layouts/application (2.7ms)
Completed 200 OK in 53ms (Views: 51.6ms | ActiveRecord: 0.7ms)


Started GET "/products" for ::1 at 2019-08-10 08:00:30 -0700
Processing by ProductsController#index as HTML
  Rendering products/index.html.erb within layouts/application
  [1m[36mProduct Exists (0.4ms)[0m  [1m[34mSELECT  1 AS one FROM "products" LIMIT $1[0m  [["LIMIT", 1]]
  ↳ app/views/products/index.html.erb:4
  [1m[36mProduct Load (0.2ms)[0m  [1m[34mSELECT "products".* FROM "products"[0m
  ↳ app/views/products/index.html.erb:6
  Rendered products/index.html.erb within layouts/application (2.6ms)
Completed 200 OK in 79ms (Views: 78.0ms | ActiveRecord: 0.6ms)


Started GET "/products" for ::1 at 2019-08-10 08:05:41 -0700
Processing by ProductsController#index as HTML
  Rendering products/index.html.erb within layouts/application
  [1m[36mProduct Exists (0.4ms)[0m  [1m[34mSELECT  1 AS one FROM "products" LIMIT $1[0m  [["LIMIT", 1]]
  ↳ app/views/products/index.html.erb:4
  [1m[36mProduct Load (0.2ms)[0m  [1m[34mSELECT "products".* FROM "products"[0m
  ↳ app/views/products/index.html.erb:6
  Rendered products/index.html.erb within layouts/application (3.1ms)
Completed 200 OK in 81ms (Views: 79.0ms | ActiveRecord: 0.7ms)


Started GET "/products" for ::1 at 2019-08-10 08:05:42 -0700
Processing by ProductsController#index as HTML
  Rendering products/index.html.erb within layouts/application
  [1m[36mProduct Exists (0.3ms)[0m  [1m[34mSELECT  1 AS one FROM "products" LIMIT $1[0m  [["LIMIT", 1]]
  ↳ app/views/products/index.html.erb:4
  [1m[36mProduct Load (0.2ms)[0m  [1m[34mSELECT "products".* FROM "products"[0m
  ↳ app/views/products/index.html.erb:6
  Rendered products/index.html.erb within layouts/application (2.5ms)
Completed 200 OK in 18ms (Views: 16.7ms | ActiveRecord: 0.6ms)


Started GET "/products" for ::1 at 2019-08-10 08:06:03 -0700
Processing by ProductsController#index as HTML
  Rendering products/index.html.erb within layouts/application
  [1m[36mProduct Exists (0.4ms)[0m  [1m[34mSELECT  1 AS one FROM "products" LIMIT $1[0m  [["LIMIT", 1]]
  ↳ app/views/products/index.html.erb:4
  [1m[36mProduct Load (0.2ms)[0m  [1m[34mSELECT "products".* FROM "products"[0m
  ↳ app/views/products/index.html.erb:6
  Rendered products/index.html.erb within layouts/application (2.6ms)
Completed 200 OK in 103ms (Views: 102.2ms | ActiveRecord: 0.6ms)


Started GET "/products/1" for ::1 at 2019-08-10 08:06:04 -0700
Processing by ProductsController#show as HTML
  Parameters: {"id"=>"1"}
  [1m[36mProduct Load (0.6ms)[0m  [1m[34mSELECT  "products".* FROM "products" WHERE "products"."id" = $1 LIMIT $2[0m  [["id", 1], ["LIMIT", 1]]
  ↳ app/controllers/products_controller.rb:22
  Rendering products/show.html.erb within layouts/application
  Rendered products/show.html.erb within layouts/application (2.6ms)
Completed 500 Internal Server Error in 10ms (ActiveRecord: 0.6ms)


  
SyntaxError (/Users/benjaminmartinson/Documents/product_reviews/app/views/products/show.html.erb:12: syntax error, unexpected ')', expecting '='
...buffer.append=(review.author, );@output_buffer.safe_append='...
...                              ^
/Users/benjaminmartinson/Documents/product_reviews/app/views/products/show.html.erb:13: syntax error, unexpected ')', expecting '='
...ffer.append=( review.rating,  );@output_buffer.safe_append='...
...                              ^
/Users/benjaminmartinson/Documents/product_reviews/app/views/products/show.html.erb:14: syntax error, unexpected ')', expecting '='
...append=(review.content_body,  );@output_buffer.safe_append='...
...                              ^
/Users/benjaminmartinson/Documents/product_reviews/app/views/products/show.html.erb:17: syntax error, unexpected end, expecting ')'
'.freeze;     end 
              ^~~
/Users/benjaminmartinson/Documents/product_reviews/app/views/products/show.html.erb:19: syntax error, unexpected else, expecting ')'
'.freeze; else 
          ^~~~
/Users/benjaminmartinson/Documents/product_reviews/app/views/products/show.html.erb:21: syntax error, unexpected end, expecting ')'
'.freeze; end 
          ^~~
/Users/benjaminmartinson/Documents/product_reviews/app/views/products/show.html.erb:27: syntax error, unexpected ensure, expecting ')'
          ensure
          ^~~~~~
/Users/benjaminmartinson/Documents/product_reviews/app/views/products/show.html.erb:29: syntax error, unexpected end, expecting ')'
          end
          ^~~):
  
app/views/products/show.html.erb:12: syntax error, unexpected ')', expecting '='
app/views/products/show.html.erb:13: syntax error, unexpected ')', expecting '='
app/views/products/show.html.erb:14: syntax error, unexpected ')', expecting '='
app/views/products/show.html.erb:17: syntax error, unexpected end, expecting ')'
app/views/products/show.html.erb:19: syntax error, unexpected else, expecting ')'
app/views/products/show.html.erb:21: syntax error, unexpected end, expecting ')'
app/views/products/show.html.erb:27: syntax error, unexpected ensure, expecting ')'
app/views/products/show.html.erb:29: syntax error, unexpected end, expecting ')'
app/controllers/products_controller.rb:23:in `show'
Started GET "/products/1" for ::1 at 2019-08-10 08:07:52 -0700
Processing by ProductsController#show as HTML
  Parameters: {"id"=>"1"}
  [1m[36mProduct Load (0.4ms)[0m  [1m[34mSELECT  "products".* FROM "products" WHERE "products"."id" = $1 LIMIT $2[0m  [["id", 1], ["LIMIT", 1]]
  ↳ app/controllers/products_controller.rb:22
  Rendering products/show.html.erb within layouts/application
  Rendered products/show.html.erb within layouts/application (1.1ms)
Completed 500 Internal Server Error in 34ms (ActiveRecord: 8.8ms)


  
SyntaxError (/Users/benjaminmartinson/Documents/product_reviews/app/views/products/show.html.erb:12: syntax error, unexpected ')', expecting '='
...uffer.append=( review.author, );@output_buffer.safe_append='...
...                              ^
/Users/benjaminmartinson/Documents/product_reviews/app/views/products/show.html.erb:13: syntax error, unexpected ')', expecting '='
...ffer.append=( review.rating,  );@output_buffer.safe_append='...
...                              ^
/Users/benjaminmartinson/Documents/product_reviews/app/views/products/show.html.erb:14: syntax error, unexpected ')', expecting '='
...append=(review.content_body,  );@output_buffer.safe_append='...
...                              ^
/Users/benjaminmartinson/Documents/product_reviews/app/views/products/show.html.erb:17: syntax error, unexpected end, expecting ')'
'.freeze;     end 
              ^~~
/Users/benjaminmartinson/Documents/product_reviews/app/views/products/show.html.erb:19: syntax error, unexpected else, expecting ')'
'.freeze; else 
          ^~~~
/Users/benjaminmartinson/Documents/product_reviews/app/views/products/show.html.erb:21: syntax error, unexpected end, expecting ')'
'.freeze; end 
          ^~~
/Users/benjaminmartinson/Documents/product_reviews/app/views/products/show.html.erb:27: syntax error, unexpected ensure, expecting ')'
          ensure
          ^~~~~~
/Users/benjaminmartinson/Documents/product_reviews/app/views/products/show.html.erb:29: syntax error, unexpected end, expecting ')'
          end
          ^~~):
  
app/views/products/show.html.erb:12: syntax error, unexpected ')', expecting '='
app/views/products/show.html.erb:13: syntax error, unexpected ')', expecting '='
app/views/products/show.html.erb:14: syntax error, unexpected ')', expecting '='
app/views/products/show.html.erb:17: syntax error, unexpected end, expecting ')'
app/views/products/show.html.erb:19: syntax error, unexpected else, expecting ')'
app/views/products/show.html.erb:21: syntax error, unexpected end, expecting ')'
app/views/products/show.html.erb:27: syntax error, unexpected ensure, expecting ')'
app/views/products/show.html.erb:29: syntax error, unexpected end, expecting ')'
app/controllers/products_controller.rb:23:in `show'
Started GET "/products/1" for ::1 at 2019-08-10 08:08:21 -0700
Processing by ProductsController#show as HTML
  Parameters: {"id"=>"1"}
  [1m[36mProduct Load (0.4ms)[0m  [1m[34mSELECT  "products".* FROM "products" WHERE "products"."id" = $1 LIMIT $2[0m  [["id", 1], ["LIMIT", 1]]
  ↳ app/controllers/products_controller.rb:22
  Rendering products/show.html.erb within layouts/application
  [1m[36mReview Exists (11.6ms)[0m  [1m[34mSELECT  1 AS one FROM "reviews" WHERE "reviews"."product_id" = $1 LIMIT $2[0m  [["product_id", 1], ["LIMIT", 1]]
  ↳ app/views/products/show.html.erb:7
  Rendered products/show.html.erb within layouts/application (278.8ms)
Completed 500 Internal Server Error in 283ms (ActiveRecord: 13.8ms)


  
ActionView::Template::Error (undefined method `new_review_path' for #<#<Class:0x00007ff57baeb2a8>:0x00007ff57e69aa98>
Did you mean?  new_product_review_path):
    20:   <p>No reviews created yet for this product.</p>
    21: <% end %>
    22: 
    23: <p><%= link_to "Add a Review", new_review_path(product_id: @product.id) %></p>
    24: <p><%= link_to "Back to the Products Page", products_path %></p>
  
app/views/products/show.html.erb:23:in `_app_views_products_show_html_erb___3943401130511295941_70346182282320'
app/controllers/products_controller.rb:23:in `show'
Started GET "/products/1" for ::1 at 2019-08-10 08:08:51 -0700
Processing by ProductsController#show as HTML
  Parameters: {"id"=>"1"}
  [1m[36mProduct Load (0.2ms)[0m  [1m[34mSELECT  "products".* FROM "products" WHERE "products"."id" = $1 LIMIT $2[0m  [["id", 1], ["LIMIT", 1]]
  ↳ app/controllers/products_controller.rb:22
  Rendering products/show.html.erb within layouts/application
  [1m[36mReview Exists (0.4ms)[0m  [1m[34mSELECT  1 AS one FROM "reviews" WHERE "reviews"."product_id" = $1 LIMIT $2[0m  [["product_id", 1], ["LIMIT", 1]]
  ↳ app/views/products/show.html.erb:7
  Rendered products/show.html.erb within layouts/application (3.0ms)
Completed 200 OK in 107ms (Views: 105.4ms | ActiveRecord: 0.6ms)


Started GET "/products/1/reviews/new" for ::1 at 2019-08-10 08:08:58 -0700
  
AbstractController::ActionNotFound (The action 'new' could not be found for ReviewsController):
  
actionpack (5.2.3) lib/abstract_controller/base.rb:129:in `process'
actionview (5.2.3) lib/action_view/rendering.rb:32:in `process'
actionpack (5.2.3) lib/action_controller/metal.rb:191:in `dispatch'
actionpack (5.2.3) lib/action_controller/metal.rb:252:in `dispatch'
actionpack (5.2.3) lib/action_dispatch/routing/route_set.rb:52:in `dispatch'
actionpack (5.2.3) lib/action_dispatch/routing/route_set.rb:34:in `serve'
actionpack (5.2.3) lib/action_dispatch/journey/router.rb:52:in `block in serve'
actionpack (5.2.3) lib/action_dispatch/journey/router.rb:35:in `each'
actionpack (5.2.3) lib/action_dispatch/journey/router.rb:35:in `serve'
actionpack (5.2.3) lib/action_dispatch/routing/route_set.rb:840:in `call'
rack (2.0.7) lib/rack/tempfile_reaper.rb:15:in `call'
rack (2.0.7) lib/rack/etag.rb:25:in `call'
rack (2.0.7) lib/rack/conditional_get.rb:25:in `call'
rack (2.0.7) lib/rack/head.rb:12:in `call'
actionpack (5.2.3) lib/action_dispatch/http/content_security_policy.rb:18:in `call'
rack (2.0.7) lib/rack/session/abstract/id.rb:232:in `context'
rack (2.0.7) lib/rack/session/abstract/id.rb:226:in `call'
actionpack (5.2.3) lib/action_dispatch/middleware/cookies.rb:670:in `call'
activerecord (5.2.3) lib/active_record/migration.rb:559:in `call'
actionpack (5.2.3) lib/action_dispatch/middleware/callbacks.rb:28:in `block in call'
activesupport (5.2.3) lib/active_support/callbacks.rb:98:in `run_callbacks'
actionpack (5.2.3) lib/action_dispatch/middleware/callbacks.rb:26:in `call'
actionpack (5.2.3) lib/action_dispatch/middleware/executor.rb:14:in `call'
actionpack (5.2.3) lib/action_dispatch/middleware/debug_exceptions.rb:61:in `call'
web-console (3.7.0) lib/web_console/middleware.rb:135:in `call_app'
web-console (3.7.0) lib/web_console/middleware.rb:30:in `block in call'
web-console (3.7.0) lib/web_console/middleware.rb:20:in `catch'
web-console (3.7.0) lib/web_console/middleware.rb:20:in `call'
actionpack (5.2.3) lib/action_dispatch/middleware/show_exceptions.rb:33:in `call'
railties (5.2.3) lib/rails/rack/logger.rb:38:in `call_app'
railties (5.2.3) lib/rails/rack/logger.rb:26:in `block in call'
activesupport (5.2.3) lib/active_support/tagged_logging.rb:71:in `block in tagged'
activesupport (5.2.3) lib/active_support/tagged_logging.rb:28:in `tagged'
activesupport (5.2.3) lib/active_support/tagged_logging.rb:71:in `tagged'
railties (5.2.3) lib/rails/rack/logger.rb:26:in `call'
sprockets-rails (3.2.1) lib/sprockets/rails/quiet_assets.rb:13:in `call'
actionpack (5.2.3) lib/action_dispatch/middleware/remote_ip.rb:81:in `call'
actionpack (5.2.3) lib/action_dispatch/middleware/request_id.rb:27:in `call'
rack (2.0.7) lib/rack/method_override.rb:22:in `call'
rack (2.0.7) lib/rack/runtime.rb:22:in `call'
activesupport (5.2.3) lib/active_support/cache/strategy/local_cache_middleware.rb:29:in `call'
actionpack (5.2.3) lib/action_dispatch/middleware/executor.rb:14:in `call'
actionpack (5.2.3) lib/action_dispatch/middleware/static.rb:127:in `call'
rack (2.0.7) lib/rack/sendfile.rb:111:in `call'
railties (5.2.3) lib/rails/engine.rb:524:in `call'
puma (3.12.1) lib/puma/configuration.rb:227:in `call'
puma (3.12.1) lib/puma/server.rb:660:in `handle_request'
puma (3.12.1) lib/puma/server.rb:474:in `process_client'
puma (3.12.1) lib/puma/server.rb:334:in `block in run'
puma (3.12.1) lib/puma/thread_pool.rb:135:in `block in spawn_thread'
